{"C:\\Users\\User\\Documents\\Projetos Driven\\projeto-drivenpass\\src\\app.ts": {"path":"C:\\Users\\User\\Documents\\Projetos Driven\\projeto-drivenpass\\src\\app.ts","statementMap":{"0":{"start":{"line":1,"column":0},"end":{"line":1,"column":30}},"1":{"start":{"line":2,"column":0},"end":{"line":2,"column":24}},"2":{"start":{"line":3,"column":0},"end":{"line":3,"column":36}},"3":{"start":{"line":5,"column":12},"end":{"line":5,"column":21}},"4":{"start":{"line":7,"column":0},"end":{"line":9,"column":17}},"5":{"start":{"line":12,"column":13},"end":{"line":12,"column":37}},"6":{"start":{"line":14,"column":0},"end":{"line":14,"column":null}},"7":{"start":{"line":14,"column":23},"end":{"line":14,"column":69}},"8":{"start":{"line":16,"column":0},"end":{"line":16,"column":19}}},"fnMap":{"0":{"name":"(anonymous_1)","decl":{"start":{"line":14,"column":17},"end":{"line":14,"column":20}},"loc":{"start":{"line":14,"column":23},"end":{"line":14,"column":69}}}},"branchMap":{"0":{"loc":{"start":{"line":12,"column":13},"end":{"line":12,"column":37}},"type":"binary-expr","locations":[{"start":{"line":12,"column":13},"end":{"line":12,"column":29}},{"start":{"line":12,"column":33},"end":{"line":12,"column":37}}]}},"s":{"0":1,"1":1,"2":1,"3":1,"4":1,"5":1,"6":1,"7":1,"8":1},"f":{"0":1},"b":{"0":[1,1]}}
,"C:\\Users\\User\\Documents\\Projetos Driven\\projeto-drivenpass\\src\\controllers\\credential-controller.ts": {"path":"C:\\Users\\User\\Documents\\Projetos Driven\\projeto-drivenpass\\src\\controllers\\credential-controller.ts","statementMap":{"0":{"start":{"line":2,"column":0},"end":{"line":2,"column":37}},"1":{"start":{"line":3,"column":0},"end":{"line":3,"column":106}},"2":{"start":{"line":8,"column":23},"end":{"line":8,"column":26}},"3":{"start":{"line":9,"column":47},"end":{"line":9,"column":55}},"4":{"start":{"line":11,"column":4},"end":{"line":27,"column":null}},"5":{"start":{"line":13,"column":27},"end":{"line":13,"column":91}},"6":{"start":{"line":15,"column":8},"end":{"line":15,"column":58}},"7":{"start":{"line":19,"column":8},"end":{"line":23,"column":null}},"8":{"start":{"line":21,"column":12},"end":{"line":21,"column":66}},"9":{"start":{"line":25,"column":8},"end":{"line":25,"column":63}},"10":{"start":{"line":82,"column":4},"end":{"line":82,"column":20}},"11":{"start":{"line":33,"column":23},"end":{"line":33,"column":26}},"12":{"start":{"line":34,"column":29},"end":{"line":34,"column":37}},"13":{"start":{"line":36,"column":4},"end":{"line":52,"column":null}},"14":{"start":{"line":38,"column":27},"end":{"line":38,"column":75}},"15":{"start":{"line":40,"column":8},"end":{"line":40,"column":58}},"16":{"start":{"line":44,"column":8},"end":{"line":48,"column":null}},"17":{"start":{"line":46,"column":12},"end":{"line":46,"column":64}},"18":{"start":{"line":50,"column":8},"end":{"line":50,"column":63}},"19":{"start":{"line":83,"column":4},"end":{"line":83,"column":17}},"20":{"start":{"line":58,"column":23},"end":{"line":58,"column":26}},"21":{"start":{"line":59,"column":29},"end":{"line":59,"column":37}},"22":{"start":{"line":61,"column":4},"end":{"line":77,"column":null}},"23":{"start":{"line":63,"column":8},"end":{"line":63,"column":57}},"24":{"start":{"line":65,"column":8},"end":{"line":65,"column":null}},"25":{"start":{"line":69,"column":8},"end":{"line":73,"column":null}},"26":{"start":{"line":71,"column":12},"end":{"line":71,"column":64}},"27":{"start":{"line":75,"column":8},"end":{"line":75,"column":63}},"28":{"start":{"line":84,"column":4},"end":{"line":84,"column":20}}},"fnMap":{"0":{"name":"createCredential","decl":{"start":{"line":6,"column":15},"end":{"line":6,"column":31}},"loc":{"start":{"line":6,"column":72},"end":{"line":29,"column":null}}},"1":{"name":"getCredential","decl":{"start":{"line":31,"column":15},"end":{"line":31,"column":28}},"loc":{"start":{"line":31,"column":69},"end":{"line":54,"column":null}}},"2":{"name":"deleteCredential","decl":{"start":{"line":56,"column":15},"end":{"line":56,"column":31}},"loc":{"start":{"line":56,"column":73},"end":{"line":79,"column":null}}}},"branchMap":{"0":{"loc":{"start":{"line":19,"column":8},"end":{"line":23,"column":null}},"type":"if","locations":[{"start":{"line":19,"column":8},"end":{"line":23,"column":null}}]},"1":{"loc":{"start":{"line":44,"column":8},"end":{"line":48,"column":null}},"type":"if","locations":[{"start":{"line":44,"column":8},"end":{"line":48,"column":null}}]},"2":{"loc":{"start":{"line":69,"column":8},"end":{"line":73,"column":null}},"type":"if","locations":[{"start":{"line":69,"column":8},"end":{"line":73,"column":null}}]}},"s":{"0":1,"1":1,"2":0,"3":0,"4":0,"5":0,"6":0,"7":0,"8":0,"9":0,"10":1,"11":0,"12":0,"13":0,"14":0,"15":0,"16":0,"17":0,"18":0,"19":1,"20":0,"21":0,"22":0,"23":0,"24":0,"25":0,"26":0,"27":0,"28":1},"f":{"0":0,"1":0,"2":0},"b":{"0":[0],"1":[0],"2":[0]}}
,"C:\\Users\\User\\Documents\\Projetos Driven\\projeto-drivenpass\\src\\controllers\\network-controller.ts": {"path":"C:\\Users\\User\\Documents\\Projetos Driven\\projeto-drivenpass\\src\\controllers\\network-controller.ts","statementMap":{"0":{"start":{"line":2,"column":0},"end":{"line":2,"column":37}},"1":{"start":{"line":4,"column":0},"end":{"line":4,"column":64}},"2":{"start":{"line":8,"column":23},"end":{"line":8,"column":26}},"3":{"start":{"line":9,"column":46},"end":{"line":9,"column":54}},"4":{"start":{"line":11,"column":4},"end":{"line":27,"column":null}},"5":{"start":{"line":13,"column":27},"end":{"line":13,"column":87}},"6":{"start":{"line":15,"column":8},"end":{"line":15,"column":58}},"7":{"start":{"line":19,"column":8},"end":{"line":23,"column":null}},"8":{"start":{"line":21,"column":12},"end":{"line":21,"column":66}},"9":{"start":{"line":25,"column":8},"end":{"line":25,"column":63}},"10":{"start":{"line":32,"column":4},"end":{"line":32,"column":17}}},"fnMap":{"0":{"name":"createNetwork","decl":{"start":{"line":6,"column":15},"end":{"line":6,"column":28}},"loc":{"start":{"line":6,"column":69},"end":{"line":29,"column":null}}}},"branchMap":{"0":{"loc":{"start":{"line":19,"column":8},"end":{"line":23,"column":null}},"type":"if","locations":[{"start":{"line":19,"column":8},"end":{"line":23,"column":null}}]}},"s":{"0":1,"1":1,"2":0,"3":0,"4":0,"5":0,"6":0,"7":0,"8":0,"9":0,"10":1},"f":{"0":0},"b":{"0":[0]}}
,"C:\\Users\\User\\Documents\\Projetos Driven\\projeto-drivenpass\\src\\controllers\\user-controller.ts": {"path":"C:\\Users\\User\\Documents\\Projetos Driven\\projeto-drivenpass\\src\\controllers\\user-controller.ts","statementMap":{"0":{"start":{"line":2,"column":0},"end":{"line":2,"column":37}},"1":{"start":{"line":4,"column":0},"end":{"line":4,"column":74}},"2":{"start":{"line":8,"column":32},"end":{"line":8,"column":40}},"3":{"start":{"line":10,"column":4},"end":{"line":27,"column":null}},"4":{"start":{"line":12,"column":23},"end":{"line":12,"column":61}},"5":{"start":{"line":14,"column":8},"end":{"line":14,"column":null}},"6":{"start":{"line":19,"column":8},"end":{"line":23,"column":null}},"7":{"start":{"line":21,"column":12},"end":{"line":21,"column":67}},"8":{"start":{"line":25,"column":8},"end":{"line":25,"column":62}},"9":{"start":{"line":59,"column":4},"end":{"line":59,"column":18}},"10":{"start":{"line":33,"column":32},"end":{"line":33,"column":40}},"11":{"start":{"line":35,"column":4},"end":{"line":54,"column":null}},"12":{"start":{"line":37,"column":21},"end":{"line":37,"column":58}},"13":{"start":{"line":39,"column":8},"end":{"line":42,"column":11}},"14":{"start":{"line":46,"column":8},"end":{"line":50,"column":null}},"15":{"start":{"line":48,"column":12},"end":{"line":48,"column":63}},"16":{"start":{"line":52,"column":8},"end":{"line":52,"column":62}},"17":{"start":{"line":60,"column":4},"end":{"line":60,"column":18}}},"fnMap":{"0":{"name":"userPostSignIn","decl":{"start":{"line":6,"column":15},"end":{"line":6,"column":29}},"loc":{"start":{"line":6,"column":57},"end":{"line":29,"column":null}}},"1":{"name":"userPostSignUp","decl":{"start":{"line":31,"column":15},"end":{"line":31,"column":29}},"loc":{"start":{"line":31,"column":57},"end":{"line":56,"column":null}}}},"branchMap":{"0":{"loc":{"start":{"line":19,"column":8},"end":{"line":23,"column":null}},"type":"if","locations":[{"start":{"line":19,"column":8},"end":{"line":23,"column":null}}]},"1":{"loc":{"start":{"line":46,"column":8},"end":{"line":50,"column":null}},"type":"if","locations":[{"start":{"line":46,"column":8},"end":{"line":50,"column":null}}]}},"s":{"0":1,"1":1,"2":3,"3":3,"4":3,"5":0,"6":3,"7":0,"8":3,"9":1,"10":4,"11":4,"12":4,"13":1,"14":3,"15":0,"16":3,"17":1},"f":{"0":3,"1":4},"b":{"0":[0],"1":[0]}}
,"C:\\Users\\User\\Documents\\Projetos Driven\\projeto-drivenpass\\src\\database\\index.ts": {"path":"C:\\Users\\User\\Documents\\Projetos Driven\\projeto-drivenpass\\src\\database\\index.ts","statementMap":{"0":{"start":{"line":1,"column":0},"end":{"line":1,"column":45}},"1":{"start":{"line":3,"column":15},"end":{"line":3,"column":33}},"2":{"start":{"line":5,"column":0},"end":{"line":5,"column":22}}},"fnMap":{},"branchMap":{},"s":{"0":1,"1":1,"2":1},"f":{},"b":{}}
,"C:\\Users\\User\\Documents\\Projetos Driven\\projeto-drivenpass\\src\\errors\\unauthorized-error.ts": {"path":"C:\\Users\\User\\Documents\\Projetos Driven\\projeto-drivenpass\\src\\errors\\unauthorized-error.ts","statementMap":{"0":{"start":{"line":5,"column":2},"end":{"line":10,"column":4}},"1":{"start":{"line":3,"column":0},"end":{"line":3,"column":16}}},"fnMap":{"0":{"name":"unauthorizedError","decl":{"start":{"line":3,"column":16},"end":{"line":3,"column":33}},"loc":{"start":{"line":3,"column":33},"end":{"line":12,"column":1}}}},"branchMap":{},"s":{"0":0,"1":1},"f":{"0":0},"b":{}}
,"C:\\Users\\User\\Documents\\Projetos Driven\\projeto-drivenpass\\src\\middleware\\authentication-middleware.ts": {"path":"C:\\Users\\User\\Documents\\Projetos Driven\\projeto-drivenpass\\src\\middleware\\authentication-middleware.ts","statementMap":{"0":{"start":{"line":1,"column":0},"end":{"line":1,"column":39}},"1":{"start":{"line":2,"column":0},"end":{"line":2,"column":65}},"2":{"start":{"line":4,"column":0},"end":{"line":4,"column":37}},"3":{"start":{"line":5,"column":0},"end":{"line":5,"column":36}},"4":{"start":{"line":16,"column":23},"end":{"line":16,"column":50}},"5":{"start":{"line":18,"column":4},"end":{"line":18,"column":54}},"6":{"start":{"line":18,"column":21},"end":{"line":18,"column":54}},"7":{"start":{"line":20,"column":18},"end":{"line":20,"column":42}},"8":{"start":{"line":22,"column":4},"end":{"line":22,"column":49}},"9":{"start":{"line":22,"column":16},"end":{"line":22,"column":49}},"10":{"start":{"line":24,"column":4},"end":{"line":46,"column":null}},"11":{"start":{"line":26,"column":27},"end":{"line":26,"column":82}},"12":{"start":{"line":28,"column":24},"end":{"line":32,"column":10}},"13":{"start":{"line":34,"column":8},"end":{"line":34,"column":55}},"14":{"start":{"line":34,"column":22},"end":{"line":34,"column":55}},"15":{"start":{"line":36,"column":8},"end":{"line":36,"column":28}},"16":{"start":{"line":38,"column":8},"end":{"line":38,"column":null}},"17":{"start":{"line":40,"column":8},"end":{"line":40,"column":22}},"18":{"start":{"line":44,"column":8},"end":{"line":44,"column":41}},"19":{"start":{"line":13,"column":0},"end":{"line":13,"column":22}},"20":{"start":{"line":50,"column":4},"end":{"line":50,"column":66}}},"fnMap":{"0":{"name":"checkToken","decl":{"start":{"line":13,"column":22},"end":{"line":13,"column":32}},"loc":{"start":{"line":13,"column":93},"end":{"line":47,"column":null}}},"1":{"name":"unauthorizedResponse","decl":{"start":{"line":49,"column":9},"end":{"line":49,"column":29}},"loc":{"start":{"line":49,"column":43},"end":{"line":51,"column":1}}}},"branchMap":{"0":{"loc":{"start":{"line":18,"column":4},"end":{"line":18,"column":54}},"type":"if","locations":[{"start":{"line":18,"column":4},"end":{"line":18,"column":54}}]},"1":{"loc":{"start":{"line":22,"column":4},"end":{"line":22,"column":49}},"type":"if","locations":[{"start":{"line":22,"column":4},"end":{"line":22,"column":49}}]},"2":{"loc":{"start":{"line":34,"column":8},"end":{"line":34,"column":55}},"type":"if","locations":[{"start":{"line":34,"column":8},"end":{"line":34,"column":55}}]}},"s":{"0":1,"1":1,"2":1,"3":1,"4":0,"5":0,"6":0,"7":0,"8":0,"9":0,"10":0,"11":0,"12":0,"13":0,"14":0,"15":0,"16":0,"17":0,"18":0,"19":1,"20":0},"f":{"0":0,"1":0},"b":{"0":[0],"1":[0],"2":[0]}}
,"C:\\Users\\User\\Documents\\Projetos Driven\\projeto-drivenpass\\src\\repositories\\credentials-repositories\\index.ts": {"path":"C:\\Users\\User\\Documents\\Projetos Driven\\projeto-drivenpass\\src\\repositories\\credentials-repositories\\index.ts","statementMap":{"0":{"start":{"line":1,"column":0},"end":{"line":1,"column":42}},"1":{"start":{"line":5,"column":24},"end":{"line":9,"column":6}},"2":{"start":{"line":11,"column":19},"end":{"line":11,"column":79}},"3":{"start":{"line":11,"column":52},"end":{"line":11,"column":78}},"4":{"start":{"line":13,"column":4},"end":{"line":13,"column":18}},"5":{"start":{"line":3,"column":0},"end":{"line":3,"column":22}},"6":{"start":{"line":19,"column":23},"end":{"line":29,"column":6}},"7":{"start":{"line":31,"column":4},"end":{"line":31,"column":null}},"8":{"start":{"line":17,"column":0},"end":{"line":17,"column":22}},"9":{"start":{"line":37,"column":27},"end":{"line":43,"column":6}},"10":{"start":{"line":45,"column":4},"end":{"line":45,"column":26}},"11":{"start":{"line":35,"column":0},"end":{"line":35,"column":22}},"12":{"start":{"line":51,"column":24},"end":{"line":59,"column":6}},"13":{"start":{"line":61,"column":4},"end":{"line":61,"column":23}},"14":{"start":{"line":49,"column":0},"end":{"line":49,"column":22}},"15":{"start":{"line":67,"column":30},"end":{"line":73,"column":6}},"16":{"start":{"line":75,"column":4},"end":{"line":75,"column":29}},"17":{"start":{"line":65,"column":0},"end":{"line":65,"column":22}}},"fnMap":{"0":{"name":"findCredentialByUserIdAndTitle","decl":{"start":{"line":3,"column":22},"end":{"line":3,"column":52}},"loc":{"start":{"line":3,"column":82},"end":{"line":15,"column":null}}},"1":{"name":"(anonymous_10)","decl":{"start":{"line":11,"column":36},"end":{"line":11,"column":37}},"loc":{"start":{"line":11,"column":52},"end":{"line":11,"column":78}}},"2":{"name":"insertCredential","decl":{"start":{"line":17,"column":22},"end":{"line":17,"column":38}},"loc":{"start":{"line":17,"column":81},"end":{"line":33,"column":null}}},"3":{"name":"getAllCredentialsByUserId","decl":{"start":{"line":35,"column":22},"end":{"line":35,"column":47}},"loc":{"start":{"line":35,"column":58},"end":{"line":47,"column":null}}},"4":{"name":"getCredentialByCredentialId","decl":{"start":{"line":49,"column":22},"end":{"line":49,"column":49}},"loc":{"start":{"line":49,"column":74},"end":{"line":63,"column":null}}},"5":{"name":"deleteCredential","decl":{"start":{"line":65,"column":22},"end":{"line":65,"column":38}},"loc":{"start":{"line":65,"column":55},"end":{"line":77,"column":null}}}},"branchMap":{},"s":{"0":1,"1":0,"2":0,"3":0,"4":0,"5":1,"6":0,"7":0,"8":1,"9":0,"10":0,"11":1,"12":0,"13":0,"14":1,"15":0,"16":0,"17":1},"f":{"0":0,"1":0,"2":0,"3":0,"4":0,"5":0},"b":{}}
,"C:\\Users\\User\\Documents\\Projetos Driven\\projeto-drivenpass\\src\\repositories\\network-repositories\\index.ts": {"path":"C:\\Users\\User\\Documents\\Projetos Driven\\projeto-drivenpass\\src\\repositories\\network-repositories\\index.ts","statementMap":{"0":{"start":{"line":1,"column":0},"end":{"line":1,"column":42}},"1":{"start":{"line":5,"column":21},"end":{"line":12,"column":6}},"2":{"start":{"line":14,"column":19},"end":{"line":14,"column":79}},"3":{"start":{"line":14,"column":46},"end":{"line":14,"column":78}},"4":{"start":{"line":16,"column":4},"end":{"line":16,"column":18}},"5":{"start":{"line":3,"column":0},"end":{"line":3,"column":22}},"6":{"start":{"line":23,"column":20},"end":{"line":32,"column":6}},"7":{"start":{"line":34,"column":4},"end":{"line":34,"column":null}},"8":{"start":{"line":21,"column":0},"end":{"line":21,"column":22}}},"fnMap":{"0":{"name":"findNetworkByUserIdAndNetworkTitle","decl":{"start":{"line":3,"column":22},"end":{"line":3,"column":56}},"loc":{"start":{"line":3,"column":79},"end":{"line":18,"column":null}}},"1":{"name":"(anonymous_10)","decl":{"start":{"line":14,"column":33},"end":{"line":14,"column":34}},"loc":{"start":{"line":14,"column":46},"end":{"line":14,"column":78}}},"2":{"name":"insertNetwork","decl":{"start":{"line":21,"column":22},"end":{"line":21,"column":35}},"loc":{"start":{"line":21,"column":77},"end":{"line":36,"column":null}}}},"branchMap":{},"s":{"0":1,"1":0,"2":0,"3":0,"4":0,"5":1,"6":0,"7":0,"8":1},"f":{"0":0,"1":0,"2":0},"b":{}}
,"C:\\Users\\User\\Documents\\Projetos Driven\\projeto-drivenpass\\src\\repositories\\user-session-repositories\\index.ts": {"path":"C:\\Users\\User\\Documents\\Projetos Driven\\projeto-drivenpass\\src\\repositories\\user-session-repositories\\index.ts","statementMap":{"0":{"start":{"line":1,"column":0},"end":{"line":1,"column":42}},"1":{"start":{"line":5,"column":4},"end":{"line":7,"column":7}},"2":{"start":{"line":3,"column":0},"end":{"line":3,"column":22}}},"fnMap":{"0":{"name":"createValidSession","decl":{"start":{"line":3,"column":22},"end":{"line":3,"column":40}},"loc":{"start":{"line":3,"column":81},"end":{"line":9,"column":null}}}},"branchMap":{},"s":{"0":1,"1":0,"2":1},"f":{"0":0},"b":{}}
,"C:\\Users\\User\\Documents\\Projetos Driven\\projeto-drivenpass\\src\\repositories\\users-repositories\\index.ts": {"path":"C:\\Users\\User\\Documents\\Projetos Driven\\projeto-drivenpass\\src\\repositories\\users-repositories\\index.ts","statementMap":{"0":{"start":{"line":2,"column":0},"end":{"line":2,"column":42}},"1":{"start":{"line":6,"column":4},"end":{"line":6,"column":null}},"2":{"start":{"line":8,"column":4},"end":{"line":12,"column":7}},"3":{"start":{"line":36,"column":4},"end":{"line":36,"column":10}},"4":{"start":{"line":17,"column":46},"end":{"line":23,"column":6}},"5":{"start":{"line":25,"column":4},"end":{"line":29,"column":null}},"6":{"start":{"line":27,"column":8},"end":{"line":27,"column":31}},"7":{"start":{"line":31,"column":4},"end":{"line":31,"column":42}},"8":{"start":{"line":37,"column":4},"end":{"line":37,"column":15}}},"fnMap":{"0":{"name":"create","decl":{"start":{"line":4,"column":15},"end":{"line":4,"column":21}},"loc":{"start":{"line":4,"column":59},"end":{"line":14,"column":null}}},"1":{"name":"findByEmail","decl":{"start":{"line":16,"column":15},"end":{"line":16,"column":26}},"loc":{"start":{"line":16,"column":68},"end":{"line":32,"column":null}}}},"branchMap":{"0":{"loc":{"start":{"line":25,"column":4},"end":{"line":29,"column":null}},"type":"if","locations":[{"start":{"line":25,"column":4},"end":{"line":29,"column":null}}]}},"s":{"0":1,"1":1,"2":1,"3":1,"4":7,"5":7,"6":3,"7":7,"8":1},"f":{"0":1,"1":7},"b":{"0":[3]}}
,"C:\\Users\\User\\Documents\\Projetos Driven\\projeto-drivenpass\\src\\router\\credential-router.ts": {"path":"C:\\Users\\User\\Documents\\Projetos Driven\\projeto-drivenpass\\src\\router\\credential-router.ts","statementMap":{"0":{"start":{"line":1,"column":0},"end":{"line":1,"column":105}},"1":{"start":{"line":2,"column":0},"end":{"line":2,"column":33}},"2":{"start":{"line":3,"column":0},"end":{"line":3,"column":69}},"3":{"start":{"line":5,"column":26},"end":{"line":5,"column":34}},"4":{"start":{"line":7,"column":0},"end":{"line":11,"column":null}},"5":{"start":{"line":13,"column":0},"end":{"line":13,"column":33}}},"fnMap":{},"branchMap":{},"s":{"0":1,"1":1,"2":1,"3":1,"4":1,"5":1},"f":{},"b":{}}
,"C:\\Users\\User\\Documents\\Projetos Driven\\projeto-drivenpass\\src\\router\\index.ts": {"path":"C:\\Users\\User\\Documents\\Projetos Driven\\projeto-drivenpass\\src\\router\\index.ts","statementMap":{"0":{"start":{"line":1,"column":0},"end":{"line":1,"column":33}},"1":{"start":{"line":2,"column":0},"end":{"line":2,"column":52}},"2":{"start":{"line":3,"column":0},"end":{"line":3,"column":40}},"3":{"start":{"line":4,"column":0},"end":{"line":4,"column":42}},"4":{"start":{"line":6,"column":15},"end":{"line":6,"column":23}},"5":{"start":{"line":8,"column":0},"end":{"line":11,"column":null}},"6":{"start":{"line":13,"column":0},"end":{"line":13,"column":22}}},"fnMap":{},"branchMap":{},"s":{"0":1,"1":1,"2":1,"3":1,"4":1,"5":1,"6":1},"f":{},"b":{}}
,"C:\\Users\\User\\Documents\\Projetos Driven\\projeto-drivenpass\\src\\router\\users-router.ts": {"path":"C:\\Users\\User\\Documents\\Projetos Driven\\projeto-drivenpass\\src\\router\\users-router.ts","statementMap":{"0":{"start":{"line":1,"column":0},"end":{"line":1,"column":33}},"1":{"start":{"line":2,"column":0},"end":{"line":2,"column":80}},"2":{"start":{"line":4,"column":19},"end":{"line":4,"column":27}},"3":{"start":{"line":6,"column":0},"end":{"line":8,"column":null}},"4":{"start":{"line":10,"column":0},"end":{"line":10,"column":26}}},"fnMap":{},"branchMap":{},"s":{"0":1,"1":1,"2":1,"3":1,"4":1},"f":{},"b":{}}
,"C:\\Users\\User\\Documents\\Projetos Driven\\projeto-drivenpass\\src\\router\\wifi-router.ts": {"path":"C:\\Users\\User\\Documents\\Projetos Driven\\projeto-drivenpass\\src\\router\\wifi-router.ts","statementMap":{"0":{"start":{"line":1,"column":0},"end":{"line":1,"column":66}},"1":{"start":{"line":2,"column":0},"end":{"line":2,"column":33}},"2":{"start":{"line":3,"column":0},"end":{"line":3,"column":69}},"3":{"start":{"line":5,"column":22},"end":{"line":5,"column":30}},"4":{"start":{"line":7,"column":0},"end":{"line":11,"column":null}},"5":{"start":{"line":13,"column":0},"end":{"line":13,"column":29}}},"fnMap":{},"branchMap":{},"s":{"0":1,"1":1,"2":1,"3":1,"4":1,"5":1},"f":{},"b":{}}
,"C:\\Users\\User\\Documents\\Projetos Driven\\projeto-drivenpass\\src\\schemas\\credentials.schema.ts": {"path":"C:\\Users\\User\\Documents\\Projetos Driven\\projeto-drivenpass\\src\\schemas\\credentials.schema.ts","statementMap":{"0":{"start":{"line":1,"column":0},"end":{"line":1,"column":22}},"1":{"start":{"line":3,"column":13},"end":{"line":10,"column":3}}},"fnMap":{},"branchMap":{},"s":{"0":1,"1":1},"f":{},"b":{}}
,"C:\\Users\\User\\Documents\\Projetos Driven\\projeto-drivenpass\\src\\schemas\\network.schema.ts": {"path":"C:\\Users\\User\\Documents\\Projetos Driven\\projeto-drivenpass\\src\\schemas\\network.schema.ts","statementMap":{"0":{"start":{"line":1,"column":0},"end":{"line":1,"column":22}},"1":{"start":{"line":3,"column":13},"end":{"line":9,"column":3}}},"fnMap":{},"branchMap":{},"s":{"0":1,"1":1},"f":{},"b":{}}
,"C:\\Users\\User\\Documents\\Projetos Driven\\projeto-drivenpass\\src\\schemas\\users.schema.ts": {"path":"C:\\Users\\User\\Documents\\Projetos Driven\\projeto-drivenpass\\src\\schemas\\users.schema.ts","statementMap":{"0":{"start":{"line":1,"column":0},"end":{"line":1,"column":22}},"1":{"start":{"line":3,"column":13},"end":{"line":8,"column":3}}},"fnMap":{},"branchMap":{},"s":{"0":1,"1":1},"f":{},"b":{}}
,"C:\\Users\\User\\Documents\\Projetos Driven\\projeto-drivenpass\\src\\services\\credential-service\\errors.ts": {"path":"C:\\Users\\User\\Documents\\Projetos Driven\\projeto-drivenpass\\src\\services\\credential-service\\errors.ts","statementMap":{"0":{"start":{"line":5,"column":2},"end":{"line":10,"column":4}},"1":{"start":{"line":3,"column":0},"end":{"line":3,"column":16}},"2":{"start":{"line":16,"column":2},"end":{"line":21,"column":4}},"3":{"start":{"line":14,"column":0},"end":{"line":14,"column":16}}},"fnMap":{"0":{"name":"duplicatedCredentialError","decl":{"start":{"line":3,"column":16},"end":{"line":3,"column":41}},"loc":{"start":{"line":3,"column":41},"end":{"line":12,"column":1}}},"1":{"name":"notFoundCredential","decl":{"start":{"line":14,"column":16},"end":{"line":14,"column":34}},"loc":{"start":{"line":14,"column":34},"end":{"line":23,"column":1}}}},"branchMap":{},"s":{"0":0,"1":1,"2":0,"3":1},"f":{"0":0,"1":0},"b":{}}
,"C:\\Users\\User\\Documents\\Projetos Driven\\projeto-drivenpass\\src\\services\\credential-service\\index.ts": {"path":"C:\\Users\\User\\Documents\\Projetos Driven\\projeto-drivenpass\\src\\services\\credential-service\\index.ts","statementMap":{"0":{"start":{"line":1,"column":0},"end":{"line":1,"column":191}},"1":{"start":{"line":2,"column":0},"end":{"line":2,"column":73}},"2":{"start":{"line":3,"column":0},"end":{"line":3,"column":28}},"3":{"start":{"line":4,"column":0},"end":{"line":4,"column":69}},"4":{"start":{"line":9,"column":16},"end":{"line":16,"column":null}},"5":{"start":{"line":18,"column":23},"end":{"line":18,"column":54}},"6":{"start":{"line":20,"column":4},"end":{"line":25,"column":null}},"7":{"start":{"line":22,"column":23},"end":{"line":22,"column":101}},"8":{"start":{"line":22,"column":86},"end":{"line":22,"column":100}},"9":{"start":{"line":23,"column":8},"end":{"line":23,"column":21}},"10":{"start":{"line":27,"column":33},"end":{"line":27,"column":84}},"11":{"start":{"line":29,"column":4},"end":{"line":33,"column":null}},"12":{"start":{"line":31,"column":8},"end":{"line":31,"column":42}},"13":{"start":{"line":35,"column":19},"end":{"line":35,"column":56}},"14":{"start":{"line":37,"column":27},"end":{"line":37,"column":51}},"15":{"start":{"line":39,"column":23},"end":{"line":39,"column":105}},"16":{"start":{"line":41,"column":4},"end":{"line":41,"column":null}},"17":{"start":{"line":7,"column":0},"end":{"line":7,"column":22}},"18":{"start":{"line":48,"column":4},"end":{"line":79,"column":null}},"19":{"start":{"line":50,"column":31},"end":{"line":50,"column":70}},"20":{"start":{"line":52,"column":8},"end":{"line":56,"column":null}},"21":{"start":{"line":54,"column":12},"end":{"line":54,"column":39}},"22":{"start":{"line":58,"column":23},"end":{"line":58,"column":60}},"23":{"start":{"line":60,"column":37},"end":{"line":75,"column":10}},"24":{"start":{"line":62,"column":32},"end":{"line":62,"column":67}},"25":{"start":{"line":64,"column":12},"end":{"line":73,"column":null}},"26":{"start":{"line":77,"column":8},"end":{"line":77,"column":36}},"27":{"start":{"line":81,"column":27},"end":{"line":81,"column":86}},"28":{"start":{"line":83,"column":4},"end":{"line":87,"column":null}},"29":{"start":{"line":85,"column":8},"end":{"line":85,"column":35}},"30":{"start":{"line":89,"column":19},"end":{"line":89,"column":56}},"31":{"start":{"line":91,"column":24},"end":{"line":91,"column":66}},"32":{"start":{"line":93,"column":26},"end":{"line":100,"column":null}},"33":{"start":{"line":103,"column":4},"end":{"line":103,"column":25}},"34":{"start":{"line":46,"column":0},"end":{"line":46,"column":22}},"35":{"start":{"line":109,"column":28},"end":{"line":109,"column":87}},"36":{"start":{"line":111,"column":4},"end":{"line":115,"column":null}},"37":{"start":{"line":113,"column":8},"end":{"line":113,"column":35}},"38":{"start":{"line":117,"column":4},"end":{"line":117,"column":45}},"39":{"start":{"line":107,"column":0},"end":{"line":107,"column":22}}},"fnMap":{"0":{"name":"postCredential","decl":{"start":{"line":7,"column":22},"end":{"line":7,"column":36}},"loc":{"start":{"line":7,"column":79},"end":{"line":44,"column":null}}},"1":{"name":"(anonymous_10)","decl":{"start":{"line":22,"column":52},"end":{"line":22,"column":53}},"loc":{"start":{"line":22,"column":86},"end":{"line":22,"column":100}}},"2":{"name":"returnCredential","decl":{"start":{"line":46,"column":22},"end":{"line":46,"column":38}},"loc":{"start":{"line":46,"column":63},"end":{"line":105,"column":null}}},"3":{"name":"(anonymous_13)","decl":{"start":{"line":60,"column":56},"end":{"line":60,"column":57}},"loc":{"start":{"line":60,"column":71},"end":{"line":75,"column":9}}},"4":{"name":"credentialDelete","decl":{"start":{"line":107,"column":22},"end":{"line":107,"column":38}},"loc":{"start":{"line":107,"column":63},"end":{"line":119,"column":null}}}},"branchMap":{"0":{"loc":{"start":{"line":20,"column":4},"end":{"line":25,"column":null}},"type":"if","locations":[{"start":{"line":20,"column":4},"end":{"line":25,"column":null}}]},"1":{"loc":{"start":{"line":29,"column":4},"end":{"line":33,"column":null}},"type":"if","locations":[{"start":{"line":29,"column":4},"end":{"line":33,"column":null}}]},"2":{"loc":{"start":{"line":48,"column":4},"end":{"line":79,"column":null}},"type":"if","locations":[{"start":{"line":48,"column":4},"end":{"line":79,"column":null}}]},"3":{"loc":{"start":{"line":52,"column":8},"end":{"line":56,"column":null}},"type":"if","locations":[{"start":{"line":52,"column":8},"end":{"line":56,"column":null}}]},"4":{"loc":{"start":{"line":83,"column":4},"end":{"line":87,"column":null}},"type":"if","locations":[{"start":{"line":83,"column":4},"end":{"line":87,"column":null}}]},"5":{"loc":{"start":{"line":111,"column":4},"end":{"line":115,"column":null}},"type":"if","locations":[{"start":{"line":111,"column":4},"end":{"line":115,"column":null}}]}},"s":{"0":1,"1":1,"2":1,"3":1,"4":0,"5":0,"6":0,"7":0,"8":0,"9":0,"10":0,"11":0,"12":0,"13":0,"14":0,"15":0,"16":0,"17":1,"18":0,"19":0,"20":0,"21":0,"22":0,"23":0,"24":0,"25":0,"26":0,"27":0,"28":0,"29":0,"30":0,"31":0,"32":0,"33":0,"34":1,"35":0,"36":0,"37":0,"38":0,"39":1},"f":{"0":0,"1":0,"2":0,"3":0,"4":0},"b":{"0":[0],"1":[0],"2":[0],"3":[0],"4":[0],"5":[0]}}
,"C:\\Users\\User\\Documents\\Projetos Driven\\projeto-drivenpass\\src\\services\\network-service\\errors.ts": {"path":"C:\\Users\\User\\Documents\\Projetos Driven\\projeto-drivenpass\\src\\services\\network-service\\errors.ts","statementMap":{"0":{"start":{"line":5,"column":2},"end":{"line":10,"column":4}},"1":{"start":{"line":3,"column":0},"end":{"line":3,"column":16}}},"fnMap":{"0":{"name":"duplicatedNetworkError","decl":{"start":{"line":3,"column":16},"end":{"line":3,"column":38}},"loc":{"start":{"line":3,"column":38},"end":{"line":12,"column":1}}}},"branchMap":{},"s":{"0":0,"1":1},"f":{"0":0},"b":{}}
,"C:\\Users\\User\\Documents\\Projetos Driven\\projeto-drivenpass\\src\\services\\network-service\\index.ts": {"path":"C:\\Users\\User\\Documents\\Projetos Driven\\projeto-drivenpass\\src\\services\\network-service\\index.ts","statementMap":{"0":{"start":{"line":1,"column":0},"end":{"line":1,"column":28}},"1":{"start":{"line":2,"column":0},"end":{"line":2,"column":108}},"2":{"start":{"line":3,"column":0},"end":{"line":3,"column":61}},"3":{"start":{"line":4,"column":0},"end":{"line":4,"column":67}},"4":{"start":{"line":8,"column":16},"end":{"line":14,"column":null}},"5":{"start":{"line":16,"column":23},"end":{"line":16,"column":50}},"6":{"start":{"line":18,"column":4},"end":{"line":23,"column":null}},"7":{"start":{"line":20,"column":23},"end":{"line":20,"column":101}},"8":{"start":{"line":20,"column":86},"end":{"line":20,"column":100}},"9":{"start":{"line":21,"column":8},"end":{"line":21,"column":21}},"10":{"start":{"line":25,"column":30},"end":{"line":25,"column":94}},"11":{"start":{"line":27,"column":4},"end":{"line":31,"column":null}},"12":{"start":{"line":29,"column":8},"end":{"line":29,"column":39}},"13":{"start":{"line":33,"column":19},"end":{"line":33,"column":56}},"14":{"start":{"line":35,"column":27},"end":{"line":35,"column":51}},"15":{"start":{"line":37,"column":20},"end":{"line":37,"column":98}},"16":{"start":{"line":39,"column":4},"end":{"line":39,"column":null}},"17":{"start":{"line":6,"column":0},"end":{"line":6,"column":22}}},"fnMap":{"0":{"name":"postNetwork","decl":{"start":{"line":6,"column":22},"end":{"line":6,"column":33}},"loc":{"start":{"line":6,"column":75},"end":{"line":42,"column":null}}},"1":{"name":"(anonymous_10)","decl":{"start":{"line":20,"column":52},"end":{"line":20,"column":53}},"loc":{"start":{"line":20,"column":86},"end":{"line":20,"column":100}}}},"branchMap":{"0":{"loc":{"start":{"line":18,"column":4},"end":{"line":23,"column":null}},"type":"if","locations":[{"start":{"line":18,"column":4},"end":{"line":23,"column":null}}]},"1":{"loc":{"start":{"line":27,"column":4},"end":{"line":31,"column":null}},"type":"if","locations":[{"start":{"line":27,"column":4},"end":{"line":31,"column":null}}]}},"s":{"0":1,"1":1,"2":1,"3":1,"4":0,"5":0,"6":0,"7":0,"8":0,"9":0,"10":0,"11":0,"12":0,"13":0,"14":0,"15":0,"16":0,"17":1},"f":{"0":0,"1":0},"b":{"0":[0],"1":[0]}}
,"C:\\Users\\User\\Documents\\Projetos Driven\\projeto-drivenpass\\src\\services\\users-service\\errors.ts": {"path":"C:\\Users\\User\\Documents\\Projetos Driven\\projeto-drivenpass\\src\\services\\users-service\\errors.ts","statementMap":{"0":{"start":{"line":5,"column":2},"end":{"line":10,"column":4}},"1":{"start":{"line":3,"column":0},"end":{"line":3,"column":16}},"2":{"start":{"line":16,"column":2},"end":{"line":21,"column":4}},"3":{"start":{"line":14,"column":0},"end":{"line":14,"column":16}}},"fnMap":{"0":{"name":"existsEmailError","decl":{"start":{"line":3,"column":16},"end":{"line":3,"column":32}},"loc":{"start":{"line":3,"column":32},"end":{"line":12,"column":1}}},"1":{"name":"notFoundError","decl":{"start":{"line":14,"column":16},"end":{"line":14,"column":29}},"loc":{"start":{"line":14,"column":29},"end":{"line":23,"column":1}}}},"branchMap":{},"s":{"0":0,"1":1,"2":0,"3":1},"f":{"0":0,"1":0},"b":{}}
,"C:\\Users\\User\\Documents\\Projetos Driven\\projeto-drivenpass\\src\\services\\users-service\\index.ts": {"path":"C:\\Users\\User\\Documents\\Projetos Driven\\projeto-drivenpass\\src\\services\\users-service\\index.ts","statementMap":{"0":{"start":{"line":2,"column":0},"end":{"line":2,"column":27}},"1":{"start":{"line":3,"column":0},"end":{"line":3,"column":82}},"2":{"start":{"line":4,"column":0},"end":{"line":4,"column":56}},"3":{"start":{"line":5,"column":0},"end":{"line":5,"column":59}},"4":{"start":{"line":6,"column":0},"end":{"line":6,"column":30}},"5":{"start":{"line":7,"column":0},"end":{"line":7,"column":88}},"6":{"start":{"line":13,"column":4},"end":{"line":13,"column":43}},"7":{"start":{"line":15,"column":17},"end":{"line":18,"column":null}},"8":{"start":{"line":20,"column":23},"end":{"line":20,"column":48}},"9":{"start":{"line":22,"column":4},"end":{"line":27,"column":null}},"10":{"start":{"line":24,"column":23},"end":{"line":24,"column":101}},"11":{"start":{"line":24,"column":86},"end":{"line":24,"column":100}},"12":{"start":{"line":25,"column":8},"end":{"line":25,"column":21}},"13":{"start":{"line":29,"column":27},"end":{"line":29,"column":58}},"14":{"start":{"line":31,"column":4},"end":{"line":31,"column":null}},"15":{"start":{"line":33,"column":4},"end":{"line":36,"column":7}},"16":{"start":{"line":11,"column":0},"end":{"line":11,"column":22}},"17":{"start":{"line":42,"column":30},"end":{"line":42,"column":54}},"18":{"start":{"line":44,"column":4},"end":{"line":48,"column":null}},"19":{"start":{"line":46,"column":8},"end":{"line":46,"column":33}},"20":{"start":{"line":61,"column":17},"end":{"line":61,"column":39}},"21":{"start":{"line":63,"column":4},"end":{"line":63,"column":52}},"22":{"start":{"line":65,"column":18},"end":{"line":65,"column":46}},"23":{"start":{"line":67,"column":4},"end":{"line":70,"column":6}},"24":{"start":{"line":59,"column":0},"end":{"line":59,"column":22}},"25":{"start":{"line":75,"column":18},"end":{"line":75,"column":62}},"26":{"start":{"line":76,"column":4},"end":{"line":79,"column":7}},"27":{"start":{"line":81,"column":4},"end":{"line":81,"column":17}},"28":{"start":{"line":88,"column":17},"end":{"line":94,"column":6}},"29":{"start":{"line":96,"column":4},"end":{"line":96,"column":37}},"30":{"start":{"line":96,"column":15},"end":{"line":96,"column":37}},"31":{"start":{"line":98,"column":4},"end":{"line":98,"column":16}},"32":{"start":{"line":103,"column":28},"end":{"line":103,"column":72}},"33":{"start":{"line":105,"column":4},"end":{"line":105,"column":51}},"34":{"start":{"line":105,"column":26},"end":{"line":105,"column":51}},"35":{"start":{"line":111,"column":22},"end":{"line":111,"column":56}},"36":{"start":{"line":113,"column":4},"end":{"line":117,"column":null}},"37":{"start":{"line":115,"column":8},"end":{"line":115,"column":30}},"38":{"start":{"line":119,"column":4},"end":{"line":119,"column":21}}},"fnMap":{"0":{"name":"createUser","decl":{"start":{"line":11,"column":22},"end":{"line":11,"column":32}},"loc":{"start":{"line":11,"column":70},"end":{"line":38,"column":null}}},"1":{"name":"(anonymous_10)","decl":{"start":{"line":24,"column":52},"end":{"line":24,"column":53}},"loc":{"start":{"line":24,"column":86},"end":{"line":24,"column":100}}},"2":{"name":"validateUniqueEmailOrFail","decl":{"start":{"line":40,"column":15},"end":{"line":40,"column":40}},"loc":{"start":{"line":40,"column":54},"end":{"line":50,"column":null}}},"3":{"name":"checkSignIn","decl":{"start":{"line":59,"column":22},"end":{"line":59,"column":33}},"loc":{"start":{"line":59,"column":67},"end":{"line":72,"column":null}}},"4":{"name":"createSession","decl":{"start":{"line":74,"column":15},"end":{"line":74,"column":28}},"loc":{"start":{"line":74,"column":43},"end":{"line":82,"column":null}}},"5":{"name":"checkUser","decl":{"start":{"line":86,"column":15},"end":{"line":86,"column":24}},"loc":{"start":{"line":86,"column":38},"end":{"line":99,"column":null}}},"6":{"name":"validatePassword","decl":{"start":{"line":101,"column":15},"end":{"line":101,"column":31}},"loc":{"start":{"line":101,"column":70},"end":{"line":107,"column":null}}},"7":{"name":"exclude","decl":{"start":{"line":109,"column":9},"end":{"line":109,"column":16}},"loc":{"start":{"line":109,"column":66},"end":{"line":120,"column":1}}}},"branchMap":{"0":{"loc":{"start":{"line":22,"column":4},"end":{"line":27,"column":null}},"type":"if","locations":[{"start":{"line":22,"column":4},"end":{"line":27,"column":null}}]},"1":{"loc":{"start":{"line":44,"column":4},"end":{"line":48,"column":null}},"type":"if","locations":[{"start":{"line":44,"column":4},"end":{"line":48,"column":null}}]},"2":{"loc":{"start":{"line":96,"column":4},"end":{"line":96,"column":37}},"type":"if","locations":[{"start":{"line":96,"column":4},"end":{"line":96,"column":37}}]},"3":{"loc":{"start":{"line":105,"column":4},"end":{"line":105,"column":51}},"type":"if","locations":[{"start":{"line":105,"column":4},"end":{"line":105,"column":51}}]}},"s":{"0":1,"1":1,"2":1,"3":1,"4":1,"5":1,"6":4,"7":2,"8":2,"9":2,"10":1,"11":1,"12":1,"13":1,"14":1,"15":1,"16":1,"17":4,"18":2,"19":0,"20":3,"21":0,"22":0,"23":0,"24":1,"25":0,"26":0,"27":0,"28":3,"29":0,"30":0,"31":0,"32":0,"33":0,"34":0,"35":0,"36":0,"37":0,"38":0},"f":{"0":4,"1":1,"2":4,"3":3,"4":0,"5":3,"6":0,"7":0},"b":{"0":[1],"1":[0],"2":[0],"3":[0]}}
,"C:\\Users\\User\\Documents\\Projetos Driven\\projeto-drivenpass\\tests\\helpers.ts": {"path":"C:\\Users\\User\\Documents\\Projetos Driven\\projeto-drivenpass\\tests\\helpers.ts","statementMap":{"0":{"start":{"line":1,"column":0},"end":{"line":1,"column":27}},"1":{"start":{"line":2,"column":0},"end":{"line":2,"column":55}},"2":{"start":{"line":3,"column":0},"end":{"line":3,"column":37}},"3":{"start":{"line":5,"column":0},"end":{"line":5,"column":36}},"4":{"start":{"line":6,"column":0},"end":{"line":6,"column":60}},"5":{"start":{"line":9,"column":0},"end":{"line":9,"column":16}},"6":{"start":{"line":13,"column":4},"end":{"line":13,"column":40}},"7":{"start":{"line":14,"column":4},"end":{"line":14,"column":43}},"8":{"start":{"line":15,"column":4},"end":{"line":15,"column":40}},"9":{"start":{"line":16,"column":4},"end":{"line":16,"column":37}},"10":{"start":{"line":11,"column":0},"end":{"line":11,"column":22}},"11":{"start":{"line":22,"column":25},"end":{"line":22,"column":53}},"12":{"start":{"line":23,"column":18},"end":{"line":23,"column":79}},"13":{"start":{"line":25,"column":4},"end":{"line":25,"column":31}},"14":{"start":{"line":27,"column":4},"end":{"line":27,"column":17}},"15":{"start":{"line":20,"column":0},"end":{"line":20,"column":22}}},"fnMap":{"0":{"name":"cleanDb","decl":{"start":{"line":11,"column":22},"end":{"line":11,"column":29}},"loc":{"start":{"line":11,"column":29},"end":{"line":18,"column":null}}},"1":{"name":"generateValidToken","decl":{"start":{"line":20,"column":22},"end":{"line":20,"column":40}},"loc":{"start":{"line":20,"column":52},"end":{"line":29,"column":null}}}},"branchMap":{"0":{"loc":{"start":{"line":22,"column":25},"end":{"line":22,"column":53}},"type":"binary-expr","locations":[{"start":{"line":22,"column":25},"end":{"line":22,"column":29}},{"start":{"line":22,"column":34},"end":{"line":22,"column":52}}]}},"s":{"0":1,"1":1,"2":1,"3":1,"4":1,"5":1,"6":1,"7":1,"8":1,"9":1,"10":1,"11":0,"12":0,"13":0,"14":0,"15":1},"f":{"0":1,"1":0},"b":{"0":[0,0]}}
,"C:\\Users\\User\\Documents\\Projetos Driven\\projeto-drivenpass\\tests\\factories\\session-factory.ts": {"path":"C:\\Users\\User\\Documents\\Projetos Driven\\projeto-drivenpass\\tests\\factories\\session-factory.ts","statementMap":{"0":{"start":{"line":1,"column":0},"end":{"line":1,"column":46}},"1":{"start":{"line":2,"column":0},"end":{"line":2,"column":56}},"2":{"start":{"line":6,"column":17},"end":{"line":6,"column":35}},"3":{"start":{"line":8,"column":4},"end":{"line":13,"column":7}},"4":{"start":{"line":5,"column":0},"end":{"line":5,"column":22}}},"fnMap":{"0":{"name":"createSession","decl":{"start":{"line":5,"column":22},"end":{"line":5,"column":35}},"loc":{"start":{"line":5,"column":49},"end":{"line":14,"column":null}}}},"branchMap":{},"s":{"0":1,"1":1,"2":0,"3":0,"4":1},"f":{"0":0},"b":{}}
,"C:\\Users\\User\\Documents\\Projetos Driven\\projeto-drivenpass\\tests\\factories\\users-factory.ts": {"path":"C:\\Users\\User\\Documents\\Projetos Driven\\projeto-drivenpass\\tests\\factories\\users-factory.ts","statementMap":{"0":{"start":{"line":1,"column":0},"end":{"line":1,"column":28}},"1":{"start":{"line":2,"column":0},"end":{"line":2,"column":40}},"2":{"start":{"line":4,"column":0},"end":{"line":4,"column":46}},"3":{"start":{"line":8,"column":27},"end":{"line":8,"column":72}},"4":{"start":{"line":10,"column":25},"end":{"line":10,"column":64}},"5":{"start":{"line":12,"column":2},"end":{"line":19,"column":5}},"6":{"start":{"line":6,"column":0},"end":{"line":6,"column":22}}},"fnMap":{"0":{"name":"createUser","decl":{"start":{"line":6,"column":22},"end":{"line":6,"column":32}},"loc":{"start":{"line":6,"column":59},"end":{"line":21,"column":null}}}},"branchMap":{"0":{"loc":{"start":{"line":6,"column":33},"end":{"line":6,"column":59}},"type":"default-arg","locations":[{"start":{"line":6,"column":57},"end":{"line":6,"column":59}}]},"1":{"loc":{"start":{"line":8,"column":27},"end":{"line":8,"column":72}},"type":"binary-expr","locations":[{"start":{"line":8,"column":27},"end":{"line":8,"column":42}},{"start":{"line":8,"column":46},"end":{"line":8,"column":72}}]},"2":{"loc":{"start":{"line":15,"column":13},"end":{"line":15,"column":51}},"type":"binary-expr","locations":[{"start":{"line":15,"column":13},"end":{"line":15,"column":25}},{"start":{"line":15,"column":29},"end":{"line":15,"column":51}}]}},"s":{"0":1,"1":1,"2":1,"3":0,"4":0,"5":0,"6":1},"f":{"0":0},"b":{"0":[0],"1":[0,0],"2":[0,0]}}
}
