TN:
SF:src\app.ts
FN:15,(anonymous_8)
FN:17,init
FN:22,close
FNF:3
FNH:2
FNDA:1,(anonymous_8)
FNDA:1,init
FNDA:0,close
DA:1,1
DA:2,1
DA:3,1
DA:4,1
DA:6,1
DA:8,1
DA:13,1
DA:15,1
DA:17,1
DA:18,1
DA:19,1
DA:22,1
DA:23,0
DA:27,1
LF:14
LH:13
BRDA:13,0,0,1
BRDA:13,0,1,1
BRF:2
BRH:2
end_of_record
TN:
SF:src\controllers\credential-controller.ts
FN:6,createCredential
FN:31,getCredential
FN:56,deleteCredential
FNF:3
FNH:3
FNDA:5,createCredential
FNDA:2,getCredential
FNDA:1,deleteCredential
DA:2,1
DA:3,1
DA:8,5
DA:9,5
DA:11,5
DA:13,5
DA:15,1
DA:19,4
DA:21,0
DA:25,4
DA:33,2
DA:34,2
DA:36,2
DA:38,2
DA:40,2
DA:44,0
DA:46,0
DA:50,0
DA:58,1
DA:59,1
DA:61,1
DA:63,1
DA:65,1
DA:69,0
DA:71,0
DA:75,0
DA:77,0
DA:84,1
DA:85,1
DA:86,1
LF:30
LH:22
BRDA:19,0,0,0
BRDA:44,1,0,0
BRDA:69,2,0,0
BRF:3
BRH:0
end_of_record
TN:
SF:src\controllers\network-controller.ts
FN:6,createNetwork
FN:31,getNetwork
FN:56,deleteNetwork
FNF:3
FNH:0
FNDA:0,createNetwork
FNDA:0,getNetwork
FNDA:0,deleteNetwork
DA:2,1
DA:4,1
DA:8,0
DA:9,0
DA:11,0
DA:13,0
DA:15,0
DA:19,0
DA:21,0
DA:25,0
DA:33,0
DA:34,0
DA:36,0
DA:38,0
DA:40,0
DA:44,0
DA:46,0
DA:50,0
DA:58,0
DA:59,0
DA:61,0
DA:63,0
DA:65,0
DA:69,0
DA:71,0
DA:75,0
DA:82,1
DA:83,1
DA:84,1
LF:29
LH:5
BRDA:19,0,0,0
BRDA:44,1,0,0
BRDA:69,2,0,0
BRF:3
BRH:0
end_of_record
TN:
SF:src\controllers\user-controller.ts
FN:5,userPostSignIn
FN:24,userPostSignUp
FNF:2
FNH:2
FNDA:4,userPostSignIn
FNDA:7,userPostSignUp
DA:2,1
DA:3,1
DA:7,4
DA:9,4
DA:11,4
DA:13,1
DA:18,3
DA:26,7
DA:28,7
DA:30,7
DA:32,2
DA:39,5
DA:41,2
DA:45,3
DA:52,1
DA:53,1
LF:16
LH:16
BRDA:39,0,0,2
BRF:1
BRH:1
end_of_record
TN:
SF:src\database\index.ts
FN:4,connectDb
FN:8,disconnectDB
FNF:2
FNH:1
FNDA:1,connectDb
FNDA:0,disconnectDB
DA:1,1
DA:4,1
DA:5,1
DA:8,1
DA:9,0
LF:5
LH:4
BRDA:9,0,0,0
BRDA:9,0,1,0
BRDA:9,1,0,0
BRDA:9,1,1,0
BRF:4
BRH:0
end_of_record
TN:
SF:src\errors\unauthorized-error.ts
FN:3,unauthorizedError
FNF:1
FNH:1
FNDA:6,unauthorizedError
DA:3,1
DA:5,6
LF:2
LH:2
BRF:0
BRH:0
end_of_record
TN:
SF:src\middleware\authentication-middleware.ts
FN:13,checkToken
FN:47,unauthorizedResponse
FNF:2
FNH:2
FNDA:14,checkToken
FNDA:6,unauthorizedResponse
DA:1,1
DA:2,1
DA:4,1
DA:5,1
DA:13,1
DA:16,14
DA:18,14
DA:20,11
DA:22,11
DA:24,11
DA:26,11
DA:28,11
DA:34,11
DA:36,8
DA:38,8
DA:42,0
DA:48,6
LF:17
LH:16
BRDA:18,0,0,3
BRDA:22,1,0,0
BRDA:34,2,0,3
BRF:3
BRH:2
end_of_record
TN:
SF:src\repositories\credentials-repositories\index.ts
FN:3,findCredentialByUserIdAndTitle
FN:11,(anonymous_9)
FN:17,insertCredential
FN:35,getAllCredentialsByUserId
FN:54,getCredentialByCredentialId
FN:72,deleteCredential
FNF:6
FNH:5
FNDA:1,findCredentialByUserIdAndTitle
FNDA:0,(anonymous_9)
FNDA:1,insertCredential
FNDA:2,getAllCredentialsByUserId
FNDA:1,getCredentialByCredentialId
FNDA:1,deleteCredential
DA:1,1
DA:3,1
DA:5,1
DA:11,1
DA:13,1
DA:17,1
DA:19,1
DA:31,1
DA:35,1
DA:37,2
DA:45,2
DA:54,1
DA:56,1
DA:66,1
DA:68,1
DA:72,1
DA:74,1
LF:17
LH:17
BRF:0
BRH:0
end_of_record
TN:
SF:src\repositories\network-repositories\index.ts
FN:3,findNetworkByUserIdAndNetworkTitle
FN:14,(anonymous_9)
FN:21,insertNetwork
FN:38,getAllNetworksByUserId
FN:52,getNetworkByNetworkId
FN:67,deleteNetwork
FNF:6
FNH:0
FNDA:0,findNetworkByUserIdAndNetworkTitle
FNDA:0,(anonymous_9)
FNDA:0,insertNetwork
FNDA:0,getAllNetworksByUserId
FNDA:0,getNetworkByNetworkId
FNDA:0,deleteNetwork
DA:1,1
DA:3,1
DA:5,0
DA:14,0
DA:16,0
DA:21,1
DA:23,0
DA:34,0
DA:38,1
DA:40,0
DA:48,0
DA:52,1
DA:54,0
DA:63,0
DA:67,1
DA:69,0
DA:77,0
LF:17
LH:6
BRF:0
BRH:0
end_of_record
TN:
SF:src\repositories\user-session-repositories\index.ts
FN:4,createValidSession
FNF:1
FNH:1
FNDA:1,createValidSession
DA:1,1
DA:4,1
DA:6,1
LF:3
LH:3
BRF:0
BRH:0
end_of_record
TN:
SF:src\repositories\users-repositories\index.ts
FN:4,create
FN:14,findByEmail
FNF:2
FNH:2
FNDA:2,create
FNDA:11,findByEmail
DA:2,1
DA:6,2
DA:15,11
DA:23,11
DA:25,4
DA:29,11
DA:34,1
DA:35,1
LF:8
LH:8
BRDA:23,0,0,4
BRF:1
BRH:1
end_of_record
TN:
SF:src\router\credential-router.ts
FNF:0
FNH:0
DA:1,1
DA:2,1
DA:3,1
DA:5,1
DA:7,1
DA:13,1
LF:6
LH:6
BRF:0
BRH:0
end_of_record
TN:
SF:src\router\index.ts
FNF:0
FNH:0
DA:1,1
DA:2,1
DA:3,1
DA:4,1
DA:6,1
DA:8,1
DA:13,1
LF:7
LH:7
BRF:0
BRH:0
end_of_record
TN:
SF:src\router\users-router.ts
FNF:0
FNH:0
DA:1,1
DA:2,1
DA:4,1
DA:6,1
DA:10,1
LF:5
LH:5
BRF:0
BRH:0
end_of_record
TN:
SF:src\router\wifi-router.ts
FNF:0
FNH:0
DA:1,1
DA:2,1
DA:3,1
DA:5,1
DA:7,1
DA:13,1
LF:6
LH:6
BRF:0
BRH:0
end_of_record
TN:
SF:src\schemas\credentials.schema.ts
FNF:0
FNH:0
DA:1,1
DA:3,1
LF:2
LH:2
BRF:0
BRH:0
end_of_record
TN:
SF:src\schemas\network.schema.ts
FNF:0
FNH:0
DA:1,1
DA:3,1
LF:2
LH:2
BRF:0
BRH:0
end_of_record
TN:
SF:src\schemas\users.schema.ts
FNF:0
FNH:0
DA:1,1
DA:3,1
LF:2
LH:2
BRF:0
BRH:0
end_of_record
TN:
SF:src\services\credential-service\errors.ts
FN:3,duplicatedCredentialError
FN:14,notFoundCredential
FNF:2
FNH:0
FNDA:0,duplicatedCredentialError
FNDA:0,notFoundCredential
DA:3,1
DA:5,0
DA:14,1
DA:16,0
LF:4
LH:2
BRF:0
BRH:0
end_of_record
TN:
SF:src\services\credential-service\index.ts
FN:7,postCredential
FN:22,(anonymous_10)
FN:46,returnCredential
FN:60,(anonymous_13)
FN:107,credentialDelete
FNF:5
FNH:4
FNDA:5,postCredential
FNDA:4,(anonymous_10)
FNDA:2,returnCredential
FNDA:0,(anonymous_13)
FNDA:1,credentialDelete
DA:1,1
DA:2,1
DA:3,1
DA:4,1
DA:7,1
DA:9,5
DA:18,5
DA:20,5
DA:22,4
DA:23,4
DA:27,1
DA:29,1
DA:31,0
DA:35,1
DA:37,1
DA:39,1
DA:41,1
DA:46,1
DA:48,2
DA:50,2
DA:52,2
DA:54,0
DA:58,2
DA:60,2
DA:62,0
DA:64,0
DA:77,2
DA:81,0
DA:83,0
DA:85,0
DA:89,0
DA:91,0
DA:93,0
DA:103,0
DA:107,1
DA:109,1
DA:111,1
DA:113,0
DA:118,1
DA:120,1
DA:122,1
DA:124,0
DA:128,1
LF:43
LH:30
BRDA:20,0,0,4
BRDA:29,1,0,0
BRDA:48,2,0,2
BRDA:52,3,0,0
BRDA:83,4,0,0
BRDA:111,5,0,0
BRDA:122,6,0,0
BRF:7
BRH:2
end_of_record
TN:
SF:src\services\network-service\errors.ts
FN:3,duplicatedNetworkError
FN:14,notFoundNetwork
FNF:2
FNH:0
FNDA:0,duplicatedNetworkError
FNDA:0,notFoundNetwork
DA:3,1
DA:5,0
DA:14,1
DA:16,0
LF:4
LH:2
BRF:0
BRH:0
end_of_record
TN:
SF:src\services\network-service\index.ts
FN:6,postNetwork
FN:20,(anonymous_10)
FN:44,returnNetwork
FN:56,(anonymous_13)
FN:96,networkDelete
FNF:5
FNH:0
FNDA:0,postNetwork
FNDA:0,(anonymous_10)
FNDA:0,returnNetwork
FNDA:0,(anonymous_13)
FNDA:0,networkDelete
DA:1,1
DA:2,1
DA:3,1
DA:4,1
DA:6,1
DA:8,0
DA:16,0
DA:18,0
DA:20,0
DA:21,0
DA:25,0
DA:27,0
DA:29,0
DA:33,0
DA:35,0
DA:37,0
DA:39,0
DA:44,1
DA:46,0
DA:48,0
DA:50,0
DA:52,0
DA:56,0
DA:59,0
DA:71,0
DA:75,0
DA:77,0
DA:79,0
DA:83,0
DA:92,0
DA:96,1
DA:98,0
DA:100,0
DA:102,0
DA:106,0
LF:35
LH:7
BRDA:18,0,0,0
BRDA:27,1,0,0
BRDA:46,2,0,0
BRDA:50,3,0,0
BRDA:77,4,0,0
BRDA:100,5,0,0
BRF:6
BRH:0
end_of_record
TN:
SF:src\services\users-service\errors.ts
FN:3,existsEmailError
FN:14,notFoundError
FNF:2
FNH:1
FNDA:2,existsEmailError
FNDA:0,notFoundError
DA:3,1
DA:5,2
DA:14,1
DA:16,0
LF:4
LH:3
BRF:0
BRH:0
end_of_record
TN:
SF:src\services\users-service\index.ts
FN:11,createUser
FN:24,(anonymous_10)
FN:38,validateUniqueEmailOrFail
FN:57,checkSignIn
FN:72,createSession
FN:84,checkUser
FN:99,validatePassword
FN:107,exclude
FNF:8
FNH:8
FNDA:7,createUser
FNDA:1,(anonymous_10)
FNDA:7,validateUniqueEmailOrFail
FNDA:4,checkSignIn
FNDA:1,createSession
FNDA:4,checkUser
FNDA:1,validatePassword
FNDA:1,exclude
DA:2,1
DA:3,1
DA:4,1
DA:5,1
DA:6,1
DA:7,1
DA:11,1
DA:13,7
DA:15,3
DA:20,3
DA:22,3
DA:24,1
DA:25,1
DA:29,2
DA:31,2
DA:40,7
DA:42,5
DA:44,2
DA:57,1
DA:59,4
DA:61,1
DA:63,1
DA:65,1
DA:73,1
DA:74,1
DA:79,1
DA:86,4
DA:94,1
DA:96,1
DA:101,1
DA:103,1
DA:109,1
DA:111,1
DA:113,1
DA:117,1
LF:35
LH:35
BRDA:22,0,0,1
BRDA:42,1,0,2
BRDA:94,2,0,0
BRDA:103,3,0,0
BRF:4
BRH:2
end_of_record
TN:
SF:tests\helpers.ts
FN:11,cleanDb
FN:20,generateValidToken
FNF:2
FNH:2
FNDA:1,cleanDb
FNDA:5,generateValidToken
DA:1,1
DA:2,1
DA:3,1
DA:5,1
DA:6,1
DA:9,1
DA:11,1
DA:13,1
DA:14,1
DA:15,1
DA:16,1
DA:20,1
DA:22,5
DA:23,5
DA:25,5
DA:27,5
LF:16
LH:16
BRDA:22,0,0,5
BRDA:22,0,1,0
BRF:2
BRH:1
end_of_record
TN:
SF:tests\factories\session-factory.ts
FN:5,createSession
FNF:1
FNH:1
FNDA:5,createSession
DA:1,1
DA:2,1
DA:5,1
DA:6,5
DA:8,5
LF:5
LH:5
BRF:0
BRH:0
end_of_record
TN:
SF:tests\factories\users-factory.ts
FN:7,createUser
FNF:1
FNH:1
FNDA:13,createUser
DA:1,1
DA:2,1
DA:4,1
DA:7,1
DA:9,13
DA:11,13
DA:13,13
LF:7
LH:7
BRDA:7,0,0,13
BRDA:9,1,0,13
BRDA:9,1,1,13
BRDA:16,2,0,13
BRDA:16,2,1,13
BRF:5
BRH:5
end_of_record
