TN:
SF:src\app.ts
FN:14,(anonymous_1)
FNF:1
FNH:1
FNDA:1,(anonymous_1)
DA:1,1
DA:2,1
DA:3,1
DA:5,1
DA:7,1
DA:12,1
DA:14,1
DA:16,1
LF:8
LH:8
BRDA:12,0,0,1
BRDA:12,0,1,1
BRF:2
BRH:2
end_of_record
TN:
SF:src\controllers\credential-controller.ts
FN:6,createCredential
FN:31,getCredential
FN:56,deleteCredential
FNF:3
FNH:0
FNDA:0,createCredential
FNDA:0,getCredential
FNDA:0,deleteCredential
DA:2,1
DA:3,1
DA:8,0
DA:9,0
DA:11,0
DA:13,0
DA:15,0
DA:19,0
DA:21,0
DA:25,0
DA:33,0
DA:34,0
DA:36,0
DA:38,0
DA:40,0
DA:44,0
DA:46,0
DA:50,0
DA:58,0
DA:59,0
DA:61,0
DA:63,0
DA:65,0
DA:69,0
DA:71,0
DA:75,0
DA:82,1
DA:83,1
DA:84,1
LF:29
LH:5
BRDA:19,0,0,0
BRDA:44,1,0,0
BRDA:69,2,0,0
BRF:3
BRH:0
end_of_record
TN:
SF:src\controllers\network-controller.ts
FN:6,createNetwork
FNF:1
FNH:0
FNDA:0,createNetwork
DA:2,1
DA:4,1
DA:8,0
DA:9,0
DA:11,0
DA:13,0
DA:15,0
DA:19,0
DA:21,0
DA:25,0
DA:32,1
LF:11
LH:3
BRDA:19,0,0,0
BRF:1
BRH:0
end_of_record
TN:
SF:src\controllers\user-controller.ts
FN:6,userPostSignIn
FN:31,userPostSignUp
FNF:2
FNH:2
FNDA:3,userPostSignIn
FNDA:4,userPostSignUp
DA:2,1
DA:4,1
DA:8,3
DA:10,3
DA:12,3
DA:14,0
DA:19,3
DA:21,0
DA:25,3
DA:33,4
DA:35,4
DA:37,4
DA:39,1
DA:46,3
DA:48,0
DA:52,3
DA:59,1
DA:60,1
LF:18
LH:15
BRDA:19,0,0,0
BRDA:46,1,0,0
BRF:2
BRH:0
end_of_record
TN:
SF:src\database\index.ts
FNF:0
FNH:0
DA:1,1
DA:3,1
DA:5,1
LF:3
LH:3
BRF:0
BRH:0
end_of_record
TN:
SF:src\errors\unauthorized-error.ts
FN:3,unauthorizedError
FNF:1
FNH:0
FNDA:0,unauthorizedError
DA:3,1
DA:5,0
LF:2
LH:1
BRF:0
BRH:0
end_of_record
TN:
SF:src\middleware\authentication-middleware.ts
FN:13,checkToken
FN:49,unauthorizedResponse
FNF:2
FNH:0
FNDA:0,checkToken
FNDA:0,unauthorizedResponse
DA:1,1
DA:2,1
DA:4,1
DA:5,1
DA:13,1
DA:16,0
DA:18,0
DA:20,0
DA:22,0
DA:24,0
DA:26,0
DA:28,0
DA:34,0
DA:36,0
DA:38,0
DA:40,0
DA:44,0
DA:50,0
LF:18
LH:5
BRDA:18,0,0,0
BRDA:22,1,0,0
BRDA:34,2,0,0
BRF:3
BRH:0
end_of_record
TN:
SF:src\repositories\credentials-repositories\index.ts
FN:3,findCredentialByUserIdAndTitle
FN:11,(anonymous_10)
FN:17,insertCredential
FN:35,getAllCredentialsByUserId
FN:49,getCredentialByCredentialId
FN:65,deleteCredential
FNF:6
FNH:0
FNDA:0,findCredentialByUserIdAndTitle
FNDA:0,(anonymous_10)
FNDA:0,insertCredential
FNDA:0,getAllCredentialsByUserId
FNDA:0,getCredentialByCredentialId
FNDA:0,deleteCredential
DA:1,1
DA:3,1
DA:5,0
DA:11,0
DA:13,0
DA:17,1
DA:19,0
DA:31,0
DA:35,1
DA:37,0
DA:45,0
DA:49,1
DA:51,0
DA:61,0
DA:65,1
DA:67,0
DA:75,0
LF:17
LH:6
BRF:0
BRH:0
end_of_record
TN:
SF:src\repositories\network-repositories\index.ts
FN:3,findNetworkByUserIdAndNetworkTitle
FN:14,(anonymous_10)
FN:21,insertNetwork
FNF:3
FNH:0
FNDA:0,findNetworkByUserIdAndNetworkTitle
FNDA:0,(anonymous_10)
FNDA:0,insertNetwork
DA:1,1
DA:3,1
DA:5,0
DA:14,0
DA:16,0
DA:21,1
DA:23,0
DA:34,0
LF:8
LH:3
BRF:0
BRH:0
end_of_record
TN:
SF:src\repositories\user-session-repositories\index.ts
FN:3,createValidSession
FNF:1
FNH:0
FNDA:0,createValidSession
DA:1,1
DA:3,1
DA:5,0
LF:3
LH:2
BRF:0
BRH:0
end_of_record
TN:
SF:src\repositories\users-repositories\index.ts
FN:4,create
FN:16,findByEmail
FNF:2
FNH:2
FNDA:1,create
FNDA:7,findByEmail
DA:2,1
DA:6,1
DA:8,1
DA:17,7
DA:25,7
DA:27,3
DA:31,7
DA:36,1
DA:37,1
LF:9
LH:9
BRDA:25,0,0,3
BRF:1
BRH:1
end_of_record
TN:
SF:src\router\credential-router.ts
FNF:0
FNH:0
DA:1,1
DA:2,1
DA:3,1
DA:5,1
DA:7,1
DA:13,1
LF:6
LH:6
BRF:0
BRH:0
end_of_record
TN:
SF:src\router\index.ts
FNF:0
FNH:0
DA:1,1
DA:2,1
DA:3,1
DA:4,1
DA:6,1
DA:8,1
DA:13,1
LF:7
LH:7
BRF:0
BRH:0
end_of_record
TN:
SF:src\router\users-router.ts
FNF:0
FNH:0
DA:1,1
DA:2,1
DA:4,1
DA:6,1
DA:10,1
LF:5
LH:5
BRF:0
BRH:0
end_of_record
TN:
SF:src\router\wifi-router.ts
FNF:0
FNH:0
DA:1,1
DA:2,1
DA:3,1
DA:5,1
DA:7,1
DA:13,1
LF:6
LH:6
BRF:0
BRH:0
end_of_record
TN:
SF:src\schemas\credentials.schema.ts
FNF:0
FNH:0
DA:1,1
DA:3,1
LF:2
LH:2
BRF:0
BRH:0
end_of_record
TN:
SF:src\schemas\network.schema.ts
FNF:0
FNH:0
DA:1,1
DA:3,1
LF:2
LH:2
BRF:0
BRH:0
end_of_record
TN:
SF:src\schemas\users.schema.ts
FNF:0
FNH:0
DA:1,1
DA:3,1
LF:2
LH:2
BRF:0
BRH:0
end_of_record
TN:
SF:src\services\credential-service\errors.ts
FN:3,duplicatedCredentialError
FN:14,notFoundCredential
FNF:2
FNH:0
FNDA:0,duplicatedCredentialError
FNDA:0,notFoundCredential
DA:3,1
DA:5,0
DA:14,1
DA:16,0
LF:4
LH:2
BRF:0
BRH:0
end_of_record
TN:
SF:src\services\credential-service\index.ts
FN:7,postCredential
FN:22,(anonymous_10)
FN:46,returnCredential
FN:60,(anonymous_13)
FN:107,credentialDelete
FNF:5
FNH:0
FNDA:0,postCredential
FNDA:0,(anonymous_10)
FNDA:0,returnCredential
FNDA:0,(anonymous_13)
FNDA:0,credentialDelete
DA:1,1
DA:2,1
DA:3,1
DA:4,1
DA:7,1
DA:9,0
DA:18,0
DA:20,0
DA:22,0
DA:23,0
DA:27,0
DA:29,0
DA:31,0
DA:35,0
DA:37,0
DA:39,0
DA:41,0
DA:46,1
DA:48,0
DA:50,0
DA:52,0
DA:54,0
DA:58,0
DA:60,0
DA:62,0
DA:64,0
DA:77,0
DA:81,0
DA:83,0
DA:85,0
DA:89,0
DA:91,0
DA:93,0
DA:103,0
DA:107,1
DA:109,0
DA:111,0
DA:113,0
DA:117,0
LF:39
LH:7
BRDA:20,0,0,0
BRDA:29,1,0,0
BRDA:48,2,0,0
BRDA:52,3,0,0
BRDA:83,4,0,0
BRDA:111,5,0,0
BRF:6
BRH:0
end_of_record
TN:
SF:src\services\network-service\errors.ts
FN:3,duplicatedNetworkError
FNF:1
FNH:0
FNDA:0,duplicatedNetworkError
DA:3,1
DA:5,0
LF:2
LH:1
BRF:0
BRH:0
end_of_record
TN:
SF:src\services\network-service\index.ts
FN:6,postNetwork
FN:20,(anonymous_10)
FNF:2
FNH:0
FNDA:0,postNetwork
FNDA:0,(anonymous_10)
DA:1,1
DA:2,1
DA:3,1
DA:4,1
DA:6,1
DA:8,0
DA:16,0
DA:18,0
DA:20,0
DA:21,0
DA:25,0
DA:27,0
DA:29,0
DA:33,0
DA:35,0
DA:37,0
DA:39,0
LF:17
LH:5
BRDA:18,0,0,0
BRDA:27,1,0,0
BRF:2
BRH:0
end_of_record
TN:
SF:src\services\users-service\errors.ts
FN:3,existsEmailError
FN:14,notFoundError
FNF:2
FNH:0
FNDA:0,existsEmailError
FNDA:0,notFoundError
DA:3,1
DA:5,0
DA:14,1
DA:16,0
LF:4
LH:2
BRF:0
BRH:0
end_of_record
TN:
SF:src\services\users-service\index.ts
FN:11,createUser
FN:24,(anonymous_10)
FN:40,validateUniqueEmailOrFail
FN:59,checkSignIn
FN:74,createSession
FN:86,checkUser
FN:101,validatePassword
FN:109,exclude
FNF:8
FNH:5
FNDA:4,createUser
FNDA:1,(anonymous_10)
FNDA:4,validateUniqueEmailOrFail
FNDA:3,checkSignIn
FNDA:0,createSession
FNDA:3,checkUser
FNDA:0,validatePassword
FNDA:0,exclude
DA:2,1
DA:3,1
DA:4,1
DA:5,1
DA:6,1
DA:7,1
DA:11,1
DA:13,4
DA:15,2
DA:20,2
DA:22,2
DA:24,1
DA:25,1
DA:29,1
DA:31,1
DA:33,1
DA:42,4
DA:44,2
DA:46,0
DA:59,1
DA:61,3
DA:63,0
DA:65,0
DA:67,0
DA:75,0
DA:76,0
DA:81,0
DA:88,3
DA:96,0
DA:98,0
DA:103,0
DA:105,0
DA:111,0
DA:113,0
DA:115,0
DA:119,0
LF:36
LH:21
BRDA:22,0,0,1
BRDA:44,1,0,0
BRDA:96,2,0,0
BRDA:105,3,0,0
BRF:4
BRH:1
end_of_record
TN:
SF:tests\helpers.ts
FN:11,cleanDb
FN:20,generateValidToken
FNF:2
FNH:1
FNDA:1,cleanDb
FNDA:0,generateValidToken
DA:1,1
DA:2,1
DA:3,1
DA:5,1
DA:6,1
DA:9,1
DA:11,1
DA:13,1
DA:14,1
DA:15,1
DA:16,1
DA:20,1
DA:22,0
DA:23,0
DA:25,0
DA:27,0
LF:16
LH:12
BRDA:22,0,0,0
BRDA:22,0,1,0
BRF:2
BRH:0
end_of_record
TN:
SF:tests\factories\session-factory.ts
FN:5,createSession
FNF:1
FNH:0
FNDA:0,createSession
DA:1,1
DA:2,1
DA:5,1
DA:6,0
DA:8,0
LF:5
LH:3
BRF:0
BRH:0
end_of_record
TN:
SF:tests\factories\users-factory.ts
FN:6,createUser
FNF:1
FNH:0
FNDA:0,createUser
DA:1,1
DA:2,1
DA:4,1
DA:6,1
DA:8,0
DA:10,0
DA:12,0
LF:7
LH:4
BRDA:6,0,0,0
BRDA:8,1,0,0
BRDA:8,1,1,0
BRDA:15,2,0,0
BRDA:15,2,1,0
BRF:5
BRH:0
end_of_record
